upiPayment/build/intermediates/manifest_merge_blame_file/debug/manifest-merger-blame-debug-report.txt
1<?xml version="1.0" encoding="utf-8"?>
2<manifest xmlns:android="http://schemas.android.com/apk/res/android"
3    xmlns:tools="http://schemas.android.com/tools"
4    package="com.example.sms_readpayment" >
5
6    <uses-sdk
7        android:minSdkVersion="21"
7-->src\main\AndroidManifest.xml
8        android:targetSdkVersion="32" />
8-->src\main\AndroidManifest.xml
9
10    <uses-permission android:name="android.permission.RECEIVE_SMS" />
10-->src\main\AndroidManifest.xml:6:5-70
10-->src\main\AndroidManifest.xml:6:22-67
11    <uses-permission android:name="android.permission.INTERNET" />
11-->src\main\AndroidManifest.xml:7:5-67
11-->src\main\AndroidManifest.xml:7:22-64
12    <uses-permission android:name="android.permission.ACCESS_NETWORK_STATE" />
12-->src\main\AndroidManifest.xml:8:5-79
12-->src\main\AndroidManifest.xml:8:22-76
13
14    <application
14-->src\main\AndroidManifest.xml:10:5-42:19
15        android:allowBackup="true"
15-->src\main\AndroidManifest.xml:11:9-35
16        android:icon="@mipmap/ic_launcher"
16-->src\main\AndroidManifest.xml:12:9-43
17        android:label="@string/app_name"
17-->src\main\AndroidManifest.xml:13:9-41
18        android:networkSecurityConfig="@xml/network_security_config"
18-->src\main\AndroidManifest.xml:14:9-69
19        android:roundIcon="@mipmap/ic_launcher_round"
19-->src\main\AndroidManifest.xml:15:9-54
20        android:supportsRtl="true"
20-->src\main\AndroidManifest.xml:16:9-35
21        android:theme="@style/Theme.SMS_ReadPayment"
21-->src\main\AndroidManifest.xml:18:9-53
22        android:usesCleartextTraffic="true"
22-->src\main\AndroidManifest.xml:19:9-44
23        tools:replace="android:theme" >
23-->src\main\AndroidManifest.xml:17:9-38
24        <activity
24-->src\main\AndroidManifest.xml:20:9-23:40
25            android:name="com.example.sms_readpayment.CheckPaymentStatus"
25-->src\main\AndroidManifest.xml:21:13-47
26            android:exported="false"
26-->src\main\AndroidManifest.xml:23:13-37
27            android:theme="@style/Themeapp" />
27-->src\main\AndroidManifest.xml:22:13-44
28        <activity
28-->src\main\AndroidManifest.xml:24:9-26:40
29            android:name="com.example.sms_readpayment.MainActivity"
29-->src\main\AndroidManifest.xml:25:13-41
30            android:exported="false" />
30-->src\main\AndroidManifest.xml:26:13-37
31        <activity
31-->src\main\AndroidManifest.xml:27:9-33:20
32            android:name="com.example.sms_readpayment.InitiatePayment"
32-->src\main\AndroidManifest.xml:28:13-44
33            android:exported="true" >
33-->src\main\AndroidManifest.xml:29:13-36
34            <intent-filter>
34-->src\main\AndroidManifest.xml:30:13-32:29
35                <action android:name="android.intent.action.MAIN" />
35-->src\main\AndroidManifest.xml:31:17-69
35-->src\main\AndroidManifest.xml:31:25-66
36            </intent-filter>
37        </activity>
38
39        <receiver
39-->src\main\AndroidManifest.xml:35:9-41:20
40            android:name="com.example.sms_readpayment.SmsListener"
40-->src\main\AndroidManifest.xml:36:13-40
41            android:exported="true" >
41-->src\main\AndroidManifest.xml:37:13-36
42            <intent-filter android:priority="1000" >
42-->src\main\AndroidManifest.xml:38:13-40:29
42-->src\main\AndroidManifest.xml:38:28-51
43                <action android:name="android.provider.Telephony.SMS_RECEIVED" />
43-->src\main\AndroidManifest.xml:39:17-82
43-->src\main\AndroidManifest.xml:39:25-79
44            </intent-filter>
45        </receiver>
46    </application>
47
48</manifest>